<?xml version="1.0" encoding="UTF-8"?>
<!-- Generated by org.testng.reporters.JUnitReportReporter -->
<testsuite hostname="aham" failures="0" tests="1" name="day8.UpdateUser" time="0.750" errors="0" timestamp="2024-01-06T02:15:45 IST" skipped="0">
  <testcase classname="day8.UpdateUser" name="test_updatedata" time="0.750"/>
  <system-out/>
</testsuite> <!-- day8.UpdateUser -->
