<?xml version="1.0" encoding="UTF-8"?>
<!-- Generated by org.testng.reporters.JUnitReportReporter -->
<testsuite hostname="aham" failures="0" tests="3" name="day2.SecondApprorchToPostRequest" time="1.765" errors="0" timestamp="2024-01-03T22:13:55 IST" skipped="0">
  <testcase classname="day2.SecondApprorchToPostRequest" name="getData" time="1.214"/>
  <system-out/>
  <testcase classname="day2.SecondApprorchToPostRequest" name="testPostusingHashMap" time="0.496"/>
  <system-out/>
  <testcase classname="day2.SecondApprorchToPostRequest" name="testDelete" time="0.055"/>
  <system-out/>
</testsuite> <!-- day2.SecondApprorchToPostRequest -->
