<?xml version="1.0" encoding="UTF-8"?>
<!-- Generated by org.testng.reporters.JUnitReportReporter -->
<testsuite hostname="aham" failures="0" tests="3" name="day2.DiffWayTOcreateRequestBody" time="1.735" errors="0" timestamp="2024-01-03T22:04:31 IST" skipped="0">
  <testcase classname="day2.DiffWayTOcreateRequestBody" name="getData" time="1.056"/>
  <system-out/>
  <testcase classname="day2.DiffWayTOcreateRequestBody" name="testPostusingHashMap" time="0.644"/>
  <system-out/>
  <testcase classname="day2.DiffWayTOcreateRequestBody" name="testDelete" time="0.035"/>
  <system-out/>
</testsuite> <!-- day2.DiffWayTOcreateRequestBody -->
