<?xml version="1.0" encoding="UTF-8"?>
<!-- Generated by org.testng.reporters.JUnitReportReporter -->
<testsuite hostname="aham" failures="0" tests="1" name="day6.SerializationDeserialization" time="0.157" errors="0" timestamp="2024-01-05T23:46:35 IST" skipped="0">
  <testcase classname="day6.SerializationDeserialization" name="jsonTOjava" time="0.157"/>
  <system-out/>
</testsuite> <!-- day6.SerializationDeserialization -->
