<?xml version="1.0" encoding="UTF-8"?>
<!-- Generated by org.testng.reporters.JUnitReportReporter -->
<testsuite hostname="aham" failures="0" tests="2" name="day3.CookiesDemo" time="1.769" errors="0" timestamp="2024-01-04T00:07:26 IST" skipped="0">
  <testcase classname="day3.CookiesDemo" name="getCookiespresentorNOt" time="0.369"/>
  <system-out/>
  <testcase classname="day3.CookiesDemo" name="getCookiesinfo" time="1.400"/>
  <system-out/>
</testsuite> <!-- day3.CookiesDemo -->
