<?xml version="1.0" encoding="UTF-8"?>
<!-- Generated by org.testng.reporters.JUnitReportReporter -->
<testsuite hostname="aham" failures="0" tests="1" name="day3.LoggingDemo" time="1.655" errors="0" timestamp="2024-01-04T00:24:15 IST" skipped="0">
  <testcase classname="day3.LoggingDemo" name="testHeader" time="1.655"/>
  <system-out/>
</testsuite> <!-- day3.LoggingDemo -->
