<?xml version="1.0" encoding="UTF-8"?>
<!-- Generated by org.testng.reporters.JUnitReportReporter -->
<testsuite hostname="aham" failures="0" tests="1" name="day7.Authontication" time="2.072" errors="0" timestamp="2024-01-06T00:27:40 IST" skipped="0">
  <testcase classname="day7.Authontication" name="testOAuth2Authontication" time="2.072"/>
  <system-out/>
</testsuite> <!-- day7.Authontication -->
