<?xml version="1.0" encoding="UTF-8"?>
<!-- Generated by org.testng.reporters.JUnitReportReporter -->
<testsuite hostname="aham" failures="0" tests="4" name="day1.HTTPRequests" time="5.354" errors="0" timestamp="2024-01-01T11:33:06 IST" skipped="0">
  <testcase classname="day1.HTTPRequests" name="getUsers" time="2.684"/>
  <system-out/>
  <testcase classname="day1.HTTPRequests" name="CreateUser" time="1.255"/>
  <system-out/>
  <testcase classname="day1.HTTPRequests" name="updateUser" time="0.793"/>
  <system-out/>
  <testcase classname="day1.HTTPRequests" name="deleteUser" time="0.622"/>
  <system-out/>
</testsuite> <!-- day1.HTTPRequests -->
