<?xml version="1.0" encoding="UTF-8"?>
<!-- Generated by org.testng.reporters.JUnitReportReporter -->
<testsuite hostname="aham" failures="0" tests="1" name="day4.ParsingJsonResponseData" time="2.538" errors="0" timestamp="2024-01-04T17:23:24 IST" skipped="0">
  <testcase classname="day4.ParsingJsonResponseData" name="getResponseBodyDatabybookapi" time="2.538"/>
  <system-out/>
</testsuite> <!-- day4.ParsingJsonResponseData -->
