<?xml version="1.0" encoding="UTF-8"?>
<!-- Generated by org.testng.reporters.JUnitReportReporter -->
<testsuite hostname="aham" failures="0" tests="1" name="day7.FakerDatagenerator" time="0.606" errors="0" timestamp="2024-01-06T00:59:48 IST" skipped="0">
  <testcase classname="day7.FakerDatagenerator" name="genrateFakeData" time="0.606"/>
  <system-out/>
</testsuite> <!-- day7.FakerDatagenerator -->
