<?xml version="1.0" encoding="UTF-8"?>
<!-- Generated by org.testng.reporters.JUnitReportReporter -->
<testsuite hostname="aham" failures="0" tests="3" name="day2.ForthAproachToPostRequest" time="1.739" errors="0" timestamp="2024-01-03T23:09:23 IST" skipped="0">
  <testcase classname="day2.ForthAproachToPostRequest" name="createhuman" time="1.610"/>
  <system-out/>
  <testcase classname="day2.ForthAproachToPostRequest" name="gethuman" time="0.086"/>
  <system-out/>
  <testcase classname="day2.ForthAproachToPostRequest" name="deletehuman" time="0.043"/>
  <system-out/>
</testsuite> <!-- day2.ForthAproachToPostRequest -->
