<?xml version="1.0" encoding="UTF-8"?>
<!-- Generated by org.testng.reporters.JUnitReportReporter -->
<testsuite hostname="aham" failures="0" tests="1" name="day3.PathandQueryParameter" time="2.432" errors="0" timestamp="2024-01-03T23:28:17 IST" skipped="0">
  <testcase classname="day3.PathandQueryParameter" name="pathAndQuerryparameter" time="2.432"/>
  <system-out/>
</testsuite> <!-- day3.PathandQueryParameter -->
