<?xml version="1.0" encoding="UTF-8"?>
<!-- Generated by org.testng.reporters.JUnitReportReporter -->
<testsuite hostname="aham" failures="0" tests="1" name="day6.Jsonfileschemavalidation" time="2.120" errors="0" timestamp="2024-01-05T17:21:32 IST" skipped="0">
  <testcase classname="day6.Jsonfileschemavalidation" name="testjsonvalidation" time="2.120"/>
  <system-out/>
</testsuite> <!-- day6.Jsonfileschemavalidation -->
