<?xml version="1.0" encoding="UTF-8"?>
<!-- Generated by org.testng.reporters.JUnitReportReporter -->
<testsuite hostname="aham" failures="0" tests="1" name="day3.TestHeader" time="1.467" errors="0" timestamp="2024-01-04T00:17:58 IST" skipped="0">
  <testcase classname="day3.TestHeader" name="getHeader" time="1.467"/>
  <system-out/>
</testsuite> <!-- day3.TestHeader -->
