<?xml version="1.0" encoding="UTF-8"?>
<!-- Generated by org.testng.reporters.JUnitReportReporter -->
<testsuite hostname="aham" failures="0" tests="1" name="day5.ParsingXmlResponse" time="1.651" errors="0" timestamp="2024-01-05T00:01:07 IST" skipped="0">
  <testcase classname="day5.ParsingXmlResponse" name="testxmlResponsebody" time="1.651"/>
  <system-out/>
</testsuite> <!-- day5.ParsingXmlResponse -->
