<?xml version="1.0" encoding="UTF-8"?>
<!-- Generated by org.testng.reporters.JUnitReportReporter -->
<testsuite hostname="aham" failures="0" tests="3" name="day2.ThirdApproachForPostRequrst" time="1.844" errors="0" timestamp="2024-01-03T22:45:39 IST" skipped="0">
  <testcase classname="day2.ThirdApproachForPostRequrst" name="Createhuman" time="1.704"/>
  <system-out/>
  <testcase classname="day2.ThirdApproachForPostRequrst" name="gethuman" time="0.087"/>
  <system-out/>
  <testcase classname="day2.ThirdApproachForPostRequrst" name="deletehuman" time="0.053"/>
  <system-out/>
</testsuite> <!-- day2.ThirdApproachForPostRequrst -->
